2025-12-23 14:54:55,597 - app.log - INFO - ===== 日志初始化完成 ===== - __init__.py:78
2025-12-23 14:54:55,597 - app.log - INFO - =============== 初始化程序执行开始 ================ - __init__.py:107
2025-12-23 14:54:55,664 - app.log - INFO - ... S7异步/同步读写链接已建立 ... - __init__.py:118
2025-12-23 14:57:04,076 - app.log - INFO - ===== 日志初始化完成 ===== - __init__.py:78
2025-12-23 14:57:04,076 - app.log - INFO - =============== 初始化程序执行开始 ================ - __init__.py:107
2025-12-23 14:57:04,145 - app.log - INFO - ... S7异步/同步读写链接已建立 ... - __init__.py:118
2025-12-23 14:58:33,049 - app.log - INFO - ===== 日志初始化完成 ===== - __init__.py:78
2025-12-23 14:58:33,049 - app.log - INFO - =============== 初始化程序执行开始 ================ - __init__.py:107
2025-12-23 14:58:33,142 - app.log - INFO - ... S7异步/同步读写链接已建立 ... - __init__.py:118
2025-12-23 14:59:22,418 - app.log - INFO - ===== 日志初始化完成 ===== - __init__.py:78
2025-12-23 14:59:22,418 - app.log - INFO - =============== 初始化程序执行开始 ================ - __init__.py:107
2025-12-23 14:59:22,488 - app.log - INFO - ... S7异步/同步读写链接已建立 ... - __init__.py:118
2025-12-23 14:59:24,262 - app.log - INFO - ... tag标签配置数据已初始化完成 ... - __init__.py:131
2025-12-23 14:59:24,263 - app.log - INFO - ... 标签监听handler方法已注册完毕 ... - __init__.py:139
2025-12-23 14:59:24,267 - app.log - INFO - ... plc1_background_read_all_tags定时任务调度器已启动,周期设定0.2s... - __init__.py:173
2025-12-23 14:59:24,406 - app.log - INFO - ... API Service 接口服务已启动 ... - __init__.py:184
2025-12-23 14:59:24,408 - app.log - INFO - =============== 初始化程序执行结束 ================ - __init__.py:186
2025-12-23 14:59:52,720 - app.log - INFO - ===== 日志初始化完成 ===== - __init__.py:78
2025-12-23 14:59:52,721 - app.log - INFO - =============== 初始化程序执行开始 ================ - __init__.py:107
2025-12-23 14:59:52,787 - app.log - INFO - ... S7异步/同步读写链接已建立 ... - __init__.py:118
2025-12-23 14:59:54,438 - app.log - INFO - ... tag标签配置数据已初始化完成 ... - __init__.py:131
2025-12-23 14:59:54,439 - app.log - INFO - ... 标签监听handler方法已注册完毕 ... - __init__.py:139
2025-12-23 14:59:54,443 - app.log - INFO - ... plc1_background_read_all_tags定时任务调度器已启动,周期设定0.2s... - __init__.py:173
2025-12-23 14:59:54,565 - app.log - INFO - ... API Service 接口服务已启动 ... - __init__.py:184
2025-12-23 14:59:54,567 - app.log - INFO - =============== 初始化程序执行结束 ================ - __init__.py:186
2025-12-23 14:59:59,901 - app.log - INFO - ===== 日志初始化完成 ===== - __init__.py:78
2025-12-23 14:59:59,901 - app.log - INFO - =============== 初始化程序执行开始 ================ - __init__.py:107
2025-12-23 14:59:59,995 - app.log - INFO - ... S7异步/同步读写链接已建立 ... - __init__.py:118
2025-12-23 15:00:01,679 - app.log - INFO - ... tag标签配置数据已初始化完成 ... - __init__.py:131
2025-12-23 15:00:01,681 - app.log - INFO - ... 标签监听handler方法已注册完毕 ... - __init__.py:139
2025-12-23 15:00:01,685 - app.log - INFO - ... plc1_background_read_all_tags定时任务调度器已启动,周期设定0.2s... - __init__.py:173
2025-12-23 15:00:01,802 - app.log - INFO - ... API Service 接口服务已启动 ... - __init__.py:184
2025-12-23 15:00:01,803 - app.log - INFO - =============== 初始化程序执行结束 ================ - __init__.py:186
2025-12-23 17:17:19,992 - app.log - INFO - ===== 日志初始化完成 ===== - __init__.py:78
2025-12-23 17:17:19,992 - app.log - INFO - =============== 初始化程序执行开始 ================ - __init__.py:107
2025-12-23 17:17:20,051 - app.log - INFO - ... S7异步/同步读写链接已建立 ... - __init__.py:118
2025-12-23 17:17:21,766 - app.log - INFO - ... tag标签配置数据已初始化完成 ... - __init__.py:131
2025-12-23 17:17:21,768 - app.log - INFO - ... 标签监听handler方法已注册完毕 ... - __init__.py:139
2025-12-23 17:17:21,772 - app.log - INFO - ... plc1_background_read_all_tags定时任务调度器已启动,周期设定0.2s... - __init__.py:173
2025-12-23 17:17:21,959 - app.log - INFO - ... API Service 接口服务已启动 ... - __init__.py:184
2025-12-23 17:17:21,961 - app.log - INFO - =============== 初始化程序执行结束 ================ - __init__.py:186
2025-12-23 17:27:43,131 - app.log - INFO - ===== 日志初始化完成 ===== - __init__.py:78
2025-12-23 17:27:43,132 - app.log - INFO - =============== 初始化程序执行开始 ================ - __init__.py:107
2025-12-23 17:27:43,198 - app.log - INFO - ... S7异步/同步读写链接已建立 ... - __init__.py:118
2025-12-23 17:27:44,916 - app.log - INFO - ... tag标签配置数据已初始化完成 ... - __init__.py:131
2025-12-23 17:27:44,919 - app.log - INFO - ... 标签监听handler方法已注册完毕 ... - __init__.py:139
2025-12-23 17:27:44,923 - app.log - INFO - ... plc1_background_read_all_tags定时任务调度器已启动,周期设定0.2s... - __init__.py:173
2025-12-23 17:27:45,041 - app.log - INFO - ... API Service 接口服务已启动 ... - __init__.py:184
2025-12-23 17:27:45,042 - app.log - INFO - =============== 初始化程序执行结束 ================ - __init__.py:186
2025-12-23 17:55:26,949 - app.log - INFO - ===== 日志初始化完成 ===== - __init__.py:78
2025-12-23 17:55:26,949 - app.log - INFO - =============== 初始化程序执行开始 ================ - __init__.py:107
2025-12-23 17:55:27,007 - app.log - INFO - ... S7异步/同步读写链接已建立 ... - __init__.py:118
2025-12-23 17:55:28,714 - app.log - INFO - ... tag标签配置数据已初始化完成 ... - __init__.py:131
2025-12-23 17:55:28,717 - app.log - INFO - ... 标签监听handler方法已注册完毕 ... - __init__.py:139
2025-12-23 17:55:28,726 - app.log - INFO - ... plc1_background_read_all_tags定时任务调度器已启动,周期设定0.2s... - __init__.py:173
2025-12-23 17:55:28,841 - app.log - INFO - ... API Service 接口服务已启动 ... - __init__.py:184
2025-12-23 17:55:28,842 - app.log - INFO - =============== 初始化程序执行结束 ================ - __init__.py:186
