2025-12-24 10:35:10,963 - app.log - INFO - ===== 日志初始化完成 ===== - __init__.py:78
2025-12-24 10:35:10,964 - app.log - INFO - =============== 初始化程序执行开始 ================ - __init__.py:107
2025-12-24 10:35:11,934 - app.log - INFO - ... S7异步/同步读写链接已建立 ... - __init__.py:118
2025-12-24 10:35:13,807 - app.log - INFO - ... tag标签配置数据已初始化完成 ... - __init__.py:131
2025-12-24 10:35:13,808 - app.log - INFO - ... 标签监听handler方法已注册完毕 ... - __init__.py:139
2025-12-24 10:35:13,817 - app.log - INFO - ... plc1_background_read_all_tags定时任务调度器已启动,周期设定0.2s... - __init__.py:173
2025-12-24 10:35:14,016 - app.log - INFO - ... API Service 接口服务已启动 ... - __init__.py:184
2025-12-24 10:35:14,018 - app.log - INFO - =============== 初始化程序执行结束 ================ - __init__.py:186
2025-12-24 10:35:30,444 - app.log - INFO - ===== 日志初始化完成 ===== - __init__.py:78
2025-12-24 10:35:30,444 - app.log - INFO - =============== 初始化程序执行开始 ================ - __init__.py:107
2025-12-24 10:35:31,438 - app.log - INFO - ... S7异步/同步读写链接已建立 ... - __init__.py:118
2025-12-24 10:35:33,308 - app.log - INFO - ... tag标签配置数据已初始化完成 ... - __init__.py:131
2025-12-24 10:35:33,309 - app.log - INFO - ... 标签监听handler方法已注册完毕 ... - __init__.py:139
2025-12-24 10:35:33,318 - app.log - INFO - ... plc1_background_read_all_tags定时任务调度器已启动,周期设定0.2s... - __init__.py:173
2025-12-24 10:35:33,437 - app.log - INFO - ... API Service 接口服务已启动 ... - __init__.py:184
2025-12-24 10:35:33,438 - app.log - INFO - =============== 初始化程序执行结束 ================ - __init__.py:186
2025-12-24 10:37:17,761 - app.log - INFO - ===== 日志初始化完成 ===== - __init__.py:78
2025-12-24 10:37:17,761 - app.log - INFO - =============== 初始化程序执行开始 ================ - __init__.py:107
2025-12-24 10:37:18,436 - app.log - INFO - ... S7异步/同步读写链接已建立 ... - __init__.py:118
2025-12-24 10:37:20,174 - app.log - INFO - ... tag标签配置数据已初始化完成 ... - __init__.py:131
2025-12-24 10:37:20,176 - app.log - INFO - ... 标签监听handler方法已注册完毕 ... - __init__.py:139
2025-12-24 10:37:20,186 - app.log - INFO - ... plc1_background_read_all_tags定时任务调度器已启动,周期设定0.2s... - __init__.py:173
2025-12-24 10:37:20,295 - app.log - INFO - ... API Service 接口服务已启动 ... - __init__.py:184
2025-12-24 10:37:20,297 - app.log - INFO - =============== 初始化程序执行结束 ================ - __init__.py:186
2025-12-24 10:37:47,658 - app.log - INFO - ===== 日志初始化完成 ===== - __init__.py:78
2025-12-24 10:37:47,659 - app.log - INFO - =============== 初始化程序执行开始 ================ - __init__.py:107
2025-12-24 10:37:48,438 - app.log - INFO - ... S7异步/同步读写链接已建立 ... - __init__.py:118
2025-12-24 10:37:50,206 - app.log - INFO - ... tag标签配置数据已初始化完成 ... - __init__.py:131
2025-12-24 10:37:50,208 - app.log - INFO - ... 标签监听handler方法已注册完毕 ... - __init__.py:139
2025-12-24 10:37:50,215 - app.log - INFO - ... plc1_background_read_all_tags定时任务调度器已启动,周期设定0.2s... - __init__.py:173
2025-12-24 10:37:50,318 - app.log - INFO - ... API Service 接口服务已启动 ... - __init__.py:184
2025-12-24 10:37:50,319 - app.log - INFO - =============== 初始化程序执行结束 ================ - __init__.py:186
2025-12-24 10:38:31,118 - app.log - INFO - ===== 日志初始化完成 ===== - __init__.py:78
2025-12-24 10:38:31,119 - app.log - INFO - =============== 初始化程序执行开始 ================ - __init__.py:107
2025-12-24 10:38:31,931 - app.log - INFO - ... S7异步/同步读写链接已建立 ... - __init__.py:118
2025-12-24 10:38:33,886 - app.log - INFO - ... tag标签配置数据已初始化完成 ... - __init__.py:131
2025-12-24 10:38:33,888 - app.log - INFO - ... 标签监听handler方法已注册完毕 ... - __init__.py:139
2025-12-24 10:38:33,901 - app.log - INFO - ... plc1_background_read_all_tags定时任务调度器已启动,周期设定0.2s... - __init__.py:173
2025-12-24 10:38:34,062 - app.log - INFO - ... API Service 接口服务已启动 ... - __init__.py:184
2025-12-24 10:38:34,064 - app.log - INFO - =============== 初始化程序执行结束 ================ - __init__.py:186
2025-12-24 10:40:37,232 - app.log - INFO - ===== 日志初始化完成 ===== - __init__.py:78
2025-12-24 10:40:37,232 - app.log - INFO - =============== 初始化程序执行开始 ================ - __init__.py:107
2025-12-24 10:40:37,405 - app.log - INFO - ... S7异步/同步读写链接已建立 ... - __init__.py:118
2025-12-24 10:40:39,191 - app.log - INFO - ... tag标签配置数据已初始化完成 ... - __init__.py:131
2025-12-24 10:40:39,193 - app.log - INFO - ... 标签监听handler方法已注册完毕 ... - __init__.py:139
2025-12-24 10:40:39,202 - app.log - INFO - ... plc1_background_read_all_tags定时任务调度器已启动,周期设定0.2s... - __init__.py:173
2025-12-24 10:40:39,336 - app.log - INFO - ... API Service 接口服务已启动 ... - __init__.py:184
2025-12-24 10:40:39,337 - app.log - INFO - =============== 初始化程序执行结束 ================ - __init__.py:186
2025-12-24 10:48:27,955 - app.log - INFO - ===== 日志初始化完成 ===== - __init__.py:78
2025-12-24 10:48:27,956 - app.log - INFO - =============== 初始化程序执行开始 ================ - __init__.py:107
2025-12-24 10:48:28,039 - app.log - INFO - ... S7异步/同步读写链接已建立 ... - __init__.py:118
2025-12-24 10:48:29,847 - app.log - INFO - ... tag标签配置数据已初始化完成 ... - __init__.py:131
2025-12-24 10:48:29,850 - app.log - INFO - ... 标签监听handler方法已注册完毕 ... - __init__.py:139
2025-12-24 10:48:29,859 - app.log - INFO - ... plc1_background_read_all_tags定时任务调度器已启动,周期设定0.2s... - __init__.py:173
2025-12-24 10:48:30,014 - app.log - INFO - ... API Service 接口服务已启动 ... - __init__.py:184
2025-12-24 10:48:30,015 - app.log - INFO - =============== 初始化程序执行结束 ================ - __init__.py:186
2025-12-24 12:07:44,580 - app.log - INFO - ===== 日志初始化完成 ===== - __init__.py:78
2025-12-24 12:07:44,581 - app.log - INFO - =============== 初始化程序执行开始 ================ - __init__.py:107
2025-12-24 12:07:44,646 - app.log - INFO - ... S7异步/同步读写链接已建立 ... - __init__.py:118
2025-12-24 12:07:46,414 - app.log - INFO - ... tag标签配置数据已初始化完成 ... - __init__.py:131
2025-12-24 12:07:46,416 - app.log - INFO - ... 标签监听handler方法已注册完毕 ... - __init__.py:139
2025-12-24 12:07:46,424 - app.log - INFO - ... plc1_background_read_all_tags定时任务调度器已启动,周期设定0.2s... - __init__.py:173
2025-12-24 12:07:46,557 - app.log - INFO - ... API Service 接口服务已启动 ... - __init__.py:184
2025-12-24 12:07:46,558 - app.log - INFO - =============== 初始化程序执行结束 ================ - __init__.py:186
2025-12-24 18:04:17,108 - app.log - INFO - ===== 日志初始化完成 ===== - __init__.py:78
2025-12-24 18:04:17,110 - app.log - INFO - =============== 初始化程序执行开始 ================ - __init__.py:107
2025-12-24 18:04:17,227 - app.log - INFO - ... S7异步/同步读写链接已建立 ... - __init__.py:118
2025-12-24 18:04:18,662 - app.log - INFO - ... tag标签配置数据已初始化完成 ... - __init__.py:131
2025-12-24 18:04:18,675 - app.log - INFO - ... 标签监听handler方法已注册完毕 ... - __init__.py:139
2025-12-24 18:04:18,679 - app.log - INFO - ... plc1_background_read_all_tags定时任务调度器已启动,周期设定0.2s... - __init__.py:173
2025-12-24 18:04:18,882 - app.log - INFO - ... API Service 接口服务已启动 ... - __init__.py:184
2025-12-24 18:04:18,885 - app.log - INFO - =============== 初始化程序执行结束 ================ - __init__.py:186
2025-12-24 18:06:51,570 - app.log - INFO - ===== 日志初始化完成 ===== - __init__.py:78
2025-12-24 18:06:51,571 - app.log - INFO - =============== 初始化程序执行开始 ================ - __init__.py:107
2025-12-24 18:06:51,642 - app.log - INFO - ... S7异步/同步读写链接已建立 ... - __init__.py:118
2025-12-24 18:06:52,985 - app.log - INFO - ... tag标签配置数据已初始化完成 ... - __init__.py:131
2025-12-24 18:06:53,000 - app.log - INFO - ... 标签监听handler方法已注册完毕 ... - __init__.py:139
2025-12-24 18:06:53,003 - app.log - INFO - ... plc1_background_read_all_tags定时任务调度器已启动,周期设定0.2s... - __init__.py:173
2025-12-24 18:06:53,130 - app.log - INFO - ... API Service 接口服务已启动 ... - __init__.py:184
2025-12-24 18:06:53,132 - app.log - INFO - =============== 初始化程序执行结束 ================ - __init__.py:186
2025-12-24 18:07:42,400 - app.log - INFO - ===== 日志初始化完成 ===== - __init__.py:78
2025-12-24 18:07:42,400 - app.log - INFO - =============== 初始化程序执行开始 ================ - __init__.py:107
2025-12-24 18:07:42,457 - app.log - INFO - ... S7异步/同步读写链接已建立 ... - __init__.py:118
2025-12-24 18:07:43,782 - app.log - INFO - ... tag标签配置数据已初始化完成 ... - __init__.py:131
2025-12-24 18:07:43,795 - app.log - INFO - ... 标签监听handler方法已注册完毕 ... - __init__.py:139
2025-12-24 18:07:43,798 - app.log - INFO - ... plc1_background_read_all_tags定时任务调度器已启动,周期设定0.2s... - __init__.py:173
2025-12-24 18:07:43,914 - app.log - INFO - ... API Service 接口服务已启动 ... - __init__.py:184
2025-12-24 18:07:43,915 - app.log - INFO - =============== 初始化程序执行结束 ================ - __init__.py:186
2025-12-24 18:07:47,007 - app.log - INFO - ===== 日志初始化完成 ===== - __init__.py:78
2025-12-24 18:07:47,007 - app.log - INFO - =============== 初始化程序执行开始 ================ - __init__.py:107
2025-12-24 18:07:47,062 - app.log - INFO - ... S7异步/同步读写链接已建立 ... - __init__.py:118
2025-12-24 18:07:48,399 - app.log - INFO - ... tag标签配置数据已初始化完成 ... - __init__.py:131
2025-12-24 18:07:48,412 - app.log - INFO - ... 标签监听handler方法已注册完毕 ... - __init__.py:139
2025-12-24 18:07:48,414 - app.log - INFO - ... plc1_background_read_all_tags定时任务调度器已启动,周期设定0.2s... - __init__.py:173
2025-12-24 18:07:48,520 - app.log - INFO - ... API Service 接口服务已启动 ... - __init__.py:184
2025-12-24 18:07:48,521 - app.log - INFO - =============== 初始化程序执行结束 ================ - __init__.py:186
2025-12-24 18:09:27,894 - app.log - INFO - ===== 日志初始化完成 ===== - __init__.py:78
2025-12-24 18:09:27,895 - app.log - INFO - =============== 初始化程序执行开始 ================ - __init__.py:107
2025-12-24 18:09:27,955 - app.log - INFO - ... S7异步/同步读写链接已建立 ... - __init__.py:118
2025-12-24 18:09:29,303 - app.log - INFO - ... tag标签配置数据已初始化完成 ... - __init__.py:131
2025-12-24 18:09:29,315 - app.log - INFO - ... 标签监听handler方法已注册完毕 ... - __init__.py:139
2025-12-24 18:09:29,317 - app.log - INFO - ... plc1_background_read_all_tags定时任务调度器已启动,周期设定0.2s... - __init__.py:173
2025-12-24 18:09:29,444 - app.log - INFO - ... API Service 接口服务已启动 ... - __init__.py:184
2025-12-24 18:09:29,446 - app.log - INFO - =============== 初始化程序执行结束 ================ - __init__.py:186
2025-12-24 18:10:51,833 - app.log - INFO - ===== 日志初始化完成 ===== - __init__.py:78
2025-12-24 18:10:51,835 - app.log - INFO - =============== 初始化程序执行开始 ================ - __init__.py:107
2025-12-24 18:10:51,897 - app.log - INFO - ... S7异步/同步读写链接已建立 ... - __init__.py:118
2025-12-24 18:10:53,261 - app.log - INFO - ... tag标签配置数据已初始化完成 ... - __init__.py:131
2025-12-24 18:10:53,273 - app.log - INFO - ... 标签监听handler方法已注册完毕 ... - __init__.py:139
2025-12-24 18:10:53,275 - app.log - INFO - ... plc1_background_read_all_tags定时任务调度器已启动,周期设定0.2s... - __init__.py:173
2025-12-24 18:10:53,396 - app.log - INFO - ... API Service 接口服务已启动 ... - __init__.py:184
2025-12-24 18:10:53,398 - app.log - INFO - =============== 初始化程序执行结束 ================ - __init__.py:186
2025-12-24 18:11:25,161 - app.log - INFO - ===== 日志初始化完成 ===== - __init__.py:78
2025-12-24 18:11:25,161 - app.log - INFO - =============== 初始化程序执行开始 ================ - __init__.py:107
2025-12-24 18:11:25,220 - app.log - INFO - ... S7异步/同步读写链接已建立 ... - __init__.py:118
2025-12-24 18:11:26,539 - app.log - INFO - ... tag标签配置数据已初始化完成 ... - __init__.py:131
2025-12-24 18:11:26,553 - app.log - INFO - ... 标签监听handler方法已注册完毕 ... - __init__.py:139
2025-12-24 18:11:26,557 - app.log - INFO - ... plc1_background_read_all_tags定时任务调度器已启动,周期设定0.2s... - __init__.py:173
2025-12-24 18:11:26,699 - app.log - INFO - ... API Service 接口服务已启动 ... - __init__.py:184
2025-12-24 18:11:26,700 - app.log - INFO - =============== 初始化程序执行结束 ================ - __init__.py:186
2025-12-24 18:11:33,820 - app.log - INFO - ===== 日志初始化完成 ===== - __init__.py:78
2025-12-24 18:11:33,822 - app.log - INFO - =============== 初始化程序执行开始 ================ - __init__.py:107
2025-12-24 18:11:33,879 - app.log - INFO - ... S7异步/同步读写链接已建立 ... - __init__.py:118
2025-12-24 18:11:35,231 - app.log - INFO - ... tag标签配置数据已初始化完成 ... - __init__.py:131
2025-12-24 18:11:35,245 - app.log - INFO - ... 标签监听handler方法已注册完毕 ... - __init__.py:139
2025-12-24 18:11:35,248 - app.log - INFO - ... plc1_background_read_all_tags定时任务调度器已启动,周期设定0.2s... - __init__.py:173
2025-12-24 18:11:35,367 - app.log - INFO - ... API Service 接口服务已启动 ... - __init__.py:184
2025-12-24 18:11:35,368 - app.log - INFO - =============== 初始化程序执行结束 ================ - __init__.py:186
2025-12-24 18:15:07,272 - app.log - INFO - ===== 日志初始化完成 ===== - __init__.py:78
2025-12-24 18:15:07,272 - app.log - INFO - =============== 初始化程序执行开始 ================ - __init__.py:107
2025-12-24 18:15:07,332 - app.log - INFO - ... S7异步/同步读写链接已建立 ... - __init__.py:118
2025-12-24 18:15:08,681 - app.log - INFO - ... tag标签配置数据已初始化完成 ... - __init__.py:131
2025-12-24 18:15:08,694 - app.log - INFO - ... 标签监听handler方法已注册完毕 ... - __init__.py:139
2025-12-24 18:15:08,698 - app.log - INFO - ... plc1_background_read_all_tags定时任务调度器已启动,周期设定0.2s... - __init__.py:173
2025-12-24 18:15:08,821 - app.log - INFO - ... API Service 接口服务已启动 ... - __init__.py:184
2025-12-24 18:15:08,822 - app.log - INFO - =============== 初始化程序执行结束 ================ - __init__.py:186
2025-12-24 18:18:08,072 - app.log - INFO - ===== 日志初始化完成 ===== - __init__.py:78
2025-12-24 18:18:08,072 - app.log - INFO - =============== 初始化程序执行开始 ================ - __init__.py:107
2025-12-24 18:18:08,140 - app.log - INFO - ... S7异步/同步读写链接已建立 ... - __init__.py:118
2025-12-24 18:18:09,484 - app.log - INFO - ... tag标签配置数据已初始化完成 ... - __init__.py:131
2025-12-24 18:18:09,497 - app.log - INFO - ... 标签监听handler方法已注册完毕 ... - __init__.py:139
2025-12-24 18:18:09,501 - app.log - INFO - ... plc1_background_read_all_tags定时任务调度器已启动,周期设定0.2s... - __init__.py:173
2025-12-24 18:18:09,621 - app.log - INFO - ... API Service 接口服务已启动 ... - __init__.py:184
2025-12-24 18:18:09,623 - app.log - INFO - =============== 初始化程序执行结束 ================ - __init__.py:186
2025-12-24 18:23:39,296 - app.log - INFO - ===== 日志初始化完成 ===== - __init__.py:78
2025-12-24 18:23:39,296 - app.log - INFO - =============== 初始化程序执行开始 ================ - __init__.py:107
2025-12-24 18:23:39,357 - app.log - INFO - ... S7异步/同步读写链接已建立 ... - __init__.py:118
2025-12-24 18:23:40,702 - app.log - INFO - ... tag标签配置数据已初始化完成 ... - __init__.py:131
2025-12-24 18:23:40,715 - app.log - INFO - ... 标签监听handler方法已注册完毕 ... - __init__.py:139
2025-12-24 18:23:40,719 - app.log - INFO - ... plc1_background_read_all_tags定时任务调度器已启动,周期设定0.2s... - __init__.py:173
2025-12-24 18:23:40,835 - app.log - INFO - ... API Service 接口服务已启动 ... - __init__.py:184
2025-12-24 18:23:40,836 - app.log - INFO - =============== 初始化程序执行结束 ================ - __init__.py:186
2025-12-24 18:23:46,819 - app.log - INFO - ===== 日志初始化完成 ===== - __init__.py:78
2025-12-24 18:23:46,819 - app.log - INFO - =============== 初始化程序执行开始 ================ - __init__.py:107
2025-12-24 18:23:46,895 - app.log - INFO - ... S7异步/同步读写链接已建立 ... - __init__.py:118
2025-12-24 18:23:48,615 - app.log - INFO - ... tag标签配置数据已初始化完成 ... - __init__.py:131
2025-12-24 18:23:48,648 - app.log - INFO - ... 标签监听handler方法已注册完毕 ... - __init__.py:139
2025-12-24 18:23:48,656 - app.log - INFO - ... plc1_background_read_all_tags定时任务调度器已启动,周期设定0.2s... - __init__.py:173
2025-12-24 18:23:48,954 - app.log - INFO - ... API Service 接口服务已启动 ... - __init__.py:184
2025-12-24 18:23:48,959 - app.log - INFO - =============== 初始化程序执行结束 ================ - __init__.py:186
2025-12-24 18:37:03,585 - app.log - INFO - ===== 日志初始化完成 ===== - __init__.py:78
2025-12-24 18:37:03,586 - app.log - INFO - =============== 初始化程序执行开始 ================ - __init__.py:107
2025-12-24 18:37:03,651 - app.log - INFO - ... S7异步/同步读写链接已建立 ... - __init__.py:118
2025-12-24 18:37:04,986 - app.log - INFO - ... tag标签配置数据已初始化完成 ... - __init__.py:131
2025-12-24 18:37:05,000 - app.log - INFO - ... 标签监听handler方法已注册完毕 ... - __init__.py:139
2025-12-24 18:37:05,003 - app.log - INFO - ... plc1_background_read_all_tags定时任务调度器已启动,周期设定0.2s... - __init__.py:173
2025-12-24 18:37:05,121 - app.log - INFO - ... API Service 接口服务已启动 ... - __init__.py:184
2025-12-24 18:37:05,123 - app.log - INFO - =============== 初始化程序执行结束 ================ - __init__.py:186
2025-12-24 18:43:53,145 - app.log - INFO - ===== 日志初始化完成 ===== - __init__.py:78
2025-12-24 18:43:53,146 - app.log - INFO - =============== 初始化程序执行开始 ================ - __init__.py:107
2025-12-24 18:43:53,206 - app.log - INFO - ... S7异步/同步读写链接已建立 ... - __init__.py:118
2025-12-24 18:43:54,557 - app.log - INFO - ... tag标签配置数据已初始化完成 ... - __init__.py:131
2025-12-24 18:43:54,575 - app.log - INFO - ... 标签监听handler方法已注册完毕 ... - __init__.py:139
2025-12-24 18:43:54,582 - app.log - INFO - ... plc1_background_read_all_tags定时任务调度器已启动,周期设定0.2s... - __init__.py:173
2025-12-24 18:43:54,735 - app.log - INFO - ... API Service 接口服务已启动 ... - __init__.py:184
2025-12-24 18:43:54,735 - app.log - INFO - =============== 初始化程序执行结束 ================ - __init__.py:186
2025-12-24 18:43:54,877 - app.log - ERROR - 任务执行失败: name 'logger' is not defined - __init__.py:149
2025-12-24 18:43:55,055 - app.log - ERROR - 任务执行失败: name 'logger' is not defined - __init__.py:149
2025-12-24 18:43:55,276 - app.log - ERROR - 任务执行失败: name 'logger' is not defined - __init__.py:149
2025-12-24 18:43:55,466 - app.log - ERROR - 任务执行失败: name 'logger' is not defined - __init__.py:149
2025-12-24 18:43:55,687 - app.log - ERROR - 任务执行失败: name 'logger' is not defined - __init__.py:149
2025-12-24 18:43:55,906 - app.log - ERROR - 任务执行失败: name 'logger' is not defined - __init__.py:149
2025-12-24 18:43:56,079 - app.log - ERROR - 任务执行失败: name 'logger' is not defined - __init__.py:149
2025-12-24 18:43:56,268 - app.log - ERROR - 任务执行失败: name 'logger' is not defined - __init__.py:149
2025-12-24 18:43:56,462 - app.log - ERROR - 任务执行失败: name 'logger' is not defined - __init__.py:149
2025-12-24 18:43:56,729 - app.log - ERROR - 任务执行失败: name 'logger' is not defined - __init__.py:149
2025-12-24 18:43:56,862 - app.log - ERROR - 任务执行失败: name 'logger' is not defined - __init__.py:149
2025-12-24 18:43:57,065 - app.log - ERROR - 任务执行失败: name 'logger' is not defined - __init__.py:149
2025-12-24 18:43:57,289 - app.log - ERROR - 任务执行失败: name 'logger' is not defined - __init__.py:149
2025-12-24 18:43:57,477 - app.log - ERROR - 任务执行失败: name 'logger' is not defined - __init__.py:149
2025-12-24 18:43:57,674 - app.log - ERROR - 任务执行失败: name 'logger' is not defined - __init__.py:149
2025-12-24 18:43:57,881 - app.log - ERROR - 任务执行失败: name 'logger' is not defined - __init__.py:149
2025-12-24 18:43:58,076 - app.log - ERROR - 任务执行失败: name 'logger' is not defined - __init__.py:149
2025-12-24 18:43:58,261 - app.log - ERROR - 任务执行失败: name 'logger' is not defined - __init__.py:149
2025-12-24 18:43:58,454 - app.log - ERROR - 任务执行失败: name 'logger' is not defined - __init__.py:149
2025-12-24 18:43:58,652 - app.log - ERROR - 任务执行失败: name 'logger' is not defined - __init__.py:149
2025-12-24 18:43:58,876 - app.log - ERROR - 任务执行失败: name 'logger' is not defined - __init__.py:149
2025-12-24 18:43:59,060 - app.log - ERROR - 任务执行失败: name 'logger' is not defined - __init__.py:149
2025-12-24 18:43:59,265 - app.log - ERROR - 任务执行失败: name 'logger' is not defined - __init__.py:149
2025-12-24 18:43:59,457 - app.log - ERROR - 任务执行失败: name 'logger' is not defined - __init__.py:149
2025-12-24 18:43:59,657 - app.log - ERROR - 任务执行失败: name 'logger' is not defined - __init__.py:149
2025-12-24 18:43:59,883 - app.log - ERROR - 任务执行失败: name 'logger' is not defined - __init__.py:149
2025-12-24 18:44:00,071 - app.log - ERROR - 任务执行失败: name 'logger' is not defined - __init__.py:149
2025-12-24 18:44:00,263 - app.log - ERROR - 任务执行失败: name 'logger' is not defined - __init__.py:149
2025-12-24 18:44:00,463 - app.log - ERROR - 任务执行失败: name 'logger' is not defined - __init__.py:149
2025-12-24 18:44:00,661 - app.log - ERROR - 任务执行失败: name 'logger' is not defined - __init__.py:149
2025-12-24 18:44:00,860 - app.log - ERROR - 任务执行失败: name 'logger' is not defined - __init__.py:149
2025-12-24 18:44:21,141 - app.log - INFO - ===== 日志初始化完成 ===== - __init__.py:78
2025-12-24 18:44:21,142 - app.log - INFO - =============== 初始化程序执行开始 ================ - __init__.py:107
2025-12-24 18:44:21,227 - app.log - INFO - ... S7异步/同步读写链接已建立 ... - __init__.py:118
2025-12-24 18:44:22,545 - app.log - INFO - ... tag标签配置数据已初始化完成 ... - __init__.py:131
2025-12-24 18:44:22,559 - app.log - INFO - ... 标签监听handler方法已注册完毕 ... - __init__.py:139
2025-12-24 18:44:22,563 - app.log - INFO - ... plc1_background_read_all_tags定时任务调度器已启动,周期设定0.2s... - __init__.py:173
2025-12-24 18:44:22,671 - app.log - INFO - ... API Service 接口服务已启动 ... - __init__.py:184
2025-12-24 18:44:22,672 - app.log - INFO - =============== 初始化程序执行结束 ================ - __init__.py:186
2025-12-24 18:48:49,147 - app.log - INFO - ===== 日志初始化完成 ===== - __init__.py:78
2025-12-24 18:48:49,147 - app.log - INFO - =============== 初始化程序执行开始 ================ - __init__.py:107
2025-12-24 18:48:49,210 - app.log - INFO - ... S7异步/同步读写链接已建立 ... - __init__.py:118
2025-12-24 18:48:50,525 - app.log - INFO - ... tag标签配置数据已初始化完成 ... - __init__.py:131
2025-12-24 18:48:50,539 - app.log - INFO - ... 标签监听handler方法已注册完毕 ... - __init__.py:139
2025-12-24 18:48:50,543 - app.log - INFO - ... plc1_background_read_all_tags定时任务调度器已启动,周期设定0.2s... - __init__.py:173
2025-12-24 18:48:50,659 - app.log - INFO - ... API Service 接口服务已启动 ... - __init__.py:184
2025-12-24 18:48:50,661 - app.log - INFO - =============== 初始化程序执行结束 ================ - __init__.py:186
2025-12-24 18:51:50,762 - app.log - INFO - ===== 日志初始化完成 ===== - __init__.py:78
2025-12-24 18:51:50,763 - app.log - INFO - =============== 初始化程序执行开始 ================ - __init__.py:107
2025-12-24 18:51:50,847 - app.log - INFO - ... S7异步/同步读写链接已建立 ... - __init__.py:118
2025-12-24 18:51:52,174 - app.log - INFO - ... tag标签配置数据已初始化完成 ... - __init__.py:131
2025-12-24 18:51:52,188 - app.log - INFO - ... 标签监听handler方法已注册完毕 ... - __init__.py:139
2025-12-24 18:51:52,192 - app.log - INFO - ... plc1_background_read_all_tags定时任务调度器已启动,周期设定0.2s... - __init__.py:173
2025-12-24 18:51:52,310 - app.log - INFO - ... API Service 接口服务已启动 ... - __init__.py:184
2025-12-24 18:51:52,312 - app.log - INFO - =============== 初始化程序执行结束 ================ - __init__.py:186
